2024-11-14 14:58:59,719 - INFO - 처리 중: 셀링하니_가구_인테리어_경쟁도_2024-11-14.csv
2024-11-14 14:58:59,726 - INFO - 처리 중: 셀링하니_가구_인테리어_급성장_2024-11-14.csv
2024-11-14 14:58:59,730 - INFO - 처리 중: 셀링하니_가구_인테리어_매력도_2024-11-14.csv
2024-11-14 14:58:59,736 - INFO - 처리 중: 셀링하니_가구_인테리어_성장_2024-11-14.csv
2024-11-14 14:58:59,742 - INFO - 처리 중: 셀링하니_디지털_가전_경쟁도_2024-11-14.csv
2024-11-14 14:58:59,752 - INFO - 처리 중: 셀링하니_디지털_가전_급성장_2024-11-14.csv
2024-11-14 14:58:59,758 - INFO - 처리 중: 셀링하니_디지털_가전_매력도_2024-11-14.csv
2024-11-14 14:58:59,768 - INFO - 처리 중: 셀링하니_디지털_가전_성장_2024-11-14.csv
2024-11-14 14:58:59,776 - INFO - 처리 중: 셀링하니_생활_건강_경쟁도_2024-11-14.csv
2024-11-14 14:58:59,785 - INFO - 처리 중: 셀링하니_생활_건강_급성장_2024-11-14.csv
2024-11-14 14:58:59,791 - INFO - 처리 중: 셀링하니_생활_건강_매력도_2024-11-14.csv
2024-11-14 14:58:59,799 - INFO - 처리 중: 셀링하니_생활_건강_성장_2024-11-14.csv
2024-11-14 14:58:59,808 - INFO - 처리 중: 셀링하니_스포츠_레저_경쟁도_2024-11-14.csv
2024-11-14 14:58:59,815 - INFO - 처리 중: 셀링하니_스포츠_레저_급성장_2024-11-14.csv
2024-11-14 14:58:59,821 - INFO - 처리 중: 셀링하니_스포츠_레저_매력도_2024-11-14.csv
2024-11-14 14:58:59,828 - INFO - 처리 중: 셀링하니_스포츠_레저_성장_2024-11-14.csv
2024-11-14 14:58:59,835 - INFO - 처리 중: 셀링하니_식품_경쟁도_2024-11-14.csv
2024-11-14 14:58:59,847 - INFO - 처리 중: 셀링하니_식품_급성장_2024-11-14.csv
2024-11-14 14:58:59,852 - INFO - 처리 중: 셀링하니_식품_매력도_2024-11-14.csv
2024-11-14 14:58:59,862 - INFO - 처리 중: 셀링하니_식품_성장_2024-11-14.csv
2024-11-14 14:58:59,873 - INFO - 처리 중: 셀링하니_패션의류_경쟁도_2024-11-14.csv
2024-11-14 14:58:59,880 - INFO - 처리 중: 셀링하니_패션의류_급성장_2024-11-14.csv
2024-11-14 14:58:59,885 - INFO - 처리 중: 셀링하니_패션의류_매력도_2024-11-14.csv
2024-11-14 14:58:59,892 - INFO - 처리 중: 셀링하니_패션의류_성장_2024-11-14.csv
2024-11-14 14:58:59,898 - INFO - 처리 중: 셀링하니_패션잡화_경쟁도_2024-11-14.csv
2024-11-14 14:58:59,906 - INFO - 처리 중: 셀링하니_패션잡화_급성장_2024-11-14.csv
2024-11-14 14:58:59,911 - INFO - 처리 중: 셀링하니_패션잡화_매력도_2024-11-14.csv
2024-11-14 14:58:59,919 - INFO - 처리 중: 셀링하니_패션잡화_성장_2024-11-14.csv
2024-11-14 14:58:59,927 - INFO - 처리 중: 셀링하니_화장품_미용_경쟁도_2024-11-14.csv
2024-11-14 14:58:59,935 - INFO - 처리 중: 셀링하니_화장품_미용_급성장_2024-11-14.csv
2024-11-14 14:58:59,940 - INFO - 처리 중: 셀링하니_화장품_미용_매력도_2024-11-14.csv
2024-11-14 14:58:59,945 - INFO - 처리 중: 셀링하니_화장품_미용_성장_2024-11-14.csv
2024-11-14 14:59:00,711 - INFO - 파일 저장 완료: C:/Current/00H_AutoMerch_Pro/keywords/result data_/CSV_변환\셀링하니_통합_키워드_데이터_20241114_1458.xlsx
